<?xml version="1.0" encoding="UTF-8"?>
<!-- Generated by org.testng.reporters.JUnitXMLReporter -->
<testsuite hostname="sauron" ignored="0" name="MyTest2" tests="1" failures="1" timestamp="22 Jun 2021 09:05:29 GMT" time="0.011" errors="0">
  <testcase name="validateTitles" time="0.002" classname="rpugh.TestCase2">
    <failure type="java.lang.AssertionError" message="expected [google.com] but found [yahoo.com]">
      <![CDATA[java.lang.AssertionError: expected [google.com] but found [yahoo.com]
	at rpugh.TestCase2.validateTitles(TestCase2.java:13)
... Removed 31 stack frames]]>
    </failure>
  </testcase> <!-- validateTitles -->
</testsuite> <!-- MyTest2 -->
