<?xml version="1.0" encoding="UTF-8"?>
<testng-results skipped="1" failed="1" ignored="0" total="4" passed="2">
  <reporter-output>
    <line>
      <![CDATA[Login failed with Error message: Please enter valid Email ID/Mobile number]]>
    </line>
    <line>
      <![CDATA[screenshot file location and name is C:\Users\sauron\workspace-mars\webDriverTestingMaven\src\test\resources\ScreenShots\2021-7-14 17-15-52.png]]>
    </line>
    <line>
      <![CDATA[These are the Top20 results based on search text: trimmer]]>
    </line>
    <line>
      <![CDATA[NOVA NHT 1076 Runtime: 30 min Trimmer for Men]]>
    </line>
    <line>
      <![CDATA[NOVA Prime Series NHT 1087 Turbo power Runtime: 120 mi...]]>
    </line>
    <line>
      <![CDATA[Mi XXQ02HM Runtime: 60 min Trimmer for Men]]>
    </line>
    <line>
      <![CDATA[PHILIPS BT1232/15 Runtime: 30 mins Trimmer for Men]]>
    </line>
    <line>
      <![CDATA[NOVA NHT 1073-00 USB Runtime: 60 min Trimmer for Men]]>
    </line>
    <line>
      <![CDATA[Flipkart SmartBuy M4D12B Runtime : 60 min Cordless USB ...]]>
    </line>
    <line>
      <![CDATA[PHILIPS MG3747/15 Runtime: 70 min Trimmer for Men]]>
    </line>
    <line>
      <![CDATA[NOVA NG 1145 Runtime: 60 min Trimmer for Men]]>
    </line>
    <line>
      <![CDATA[Flipkart SmartBuy M4D12Q Runtime : 60 min Cordless USB ...]]>
    </line>
    <line>
      <![CDATA[Syska HT200U Runtime: 40 min Trimmer for Men]]>
    </line>
    <line>
      <![CDATA[VGR V-071 Cordless Professional Hair Clipper Runtime: ...]]>
    </line>
    <line>
      <![CDATA[VGR V-183 Professional Rechargeable Hair Clipper Runti...]]>
    </line>
    <line>
      <![CDATA[PHILIPS BT3101/15 Runtime: 45 min Trimmer for Men]]>
    </line>
    <line>
      <![CDATA[HAVELLS bt5113c Runtime: 120 min Trimmer for Men]]>
    </line>
    <line>
      <![CDATA[NOVA NG 1153 Digital USB Runtime: 160 Mins Trimmer for...]]>
    </line>
    <line>
      <![CDATA[NOVA NHT 1099 Runtime: 90 min Trimmer for Men]]>
    </line>
    <line>
      <![CDATA[NOVA Prime Series NHT 1085 Runtime: 45 min Trimmer for...]]>
    </line>
    <line>
      <![CDATA[Abgrow Hair Beard Moustache Electric Trimmer for Men Ha...]]>
    </line>
    <line>
      <![CDATA[Syska HT900 Runtime: 120 min Trimmer for Men]]>
    </line>
    <line>
      <![CDATA[KUBRA KB-8000 IPX6 Waterproof Cordless Fast Charging Sl...]]>
    </line>
    <line>
      <![CDATA[Clicking 6th item to open: Flipkart SmartBuy M4D12B Runtime : 60 min Cordless USB ...]]>
    </line>
  </reporter-output>
  <suite name="Suite" duration-ms="15762" started-at="2021-07-14T11:45:50Z" finished-at="2021-07-14T11:46:06Z">
    <groups>
    </groups>
    <test name="Test" duration-ms="15762" started-at="2021-07-14T11:45:50Z" finished-at="2021-07-14T11:46:06Z">
      <class name="ApplicationTestCases.LoginPageTestcase">
        <test-method status="PASS" signature="setUp()[pri:0, instance:ApplicationTestCases.LoginPageTestcase@91161c7]" name="setUp" is-config="true" duration-ms="20156" started-at="2021-07-14T17:15:30Z" finished-at="2021-07-14T17:15:50Z">
          <reporter-output>
          </reporter-output>
        </test-method> <!-- setUp -->
        <test-method status="PASS" signature="closeLoginPanel()[pri:0, instance:ApplicationTestCases.LoginPageTestcase@91161c7]" name="closeLoginPanel" is-config="true" duration-ms="355" started-at="2021-07-14T17:15:50Z" finished-at="2021-07-14T17:15:50Z">
          <reporter-output>
          </reporter-output>
        </test-method> <!-- closeLoginPanel -->
        <test-method status="FAIL" signature="login()[pri:1, instance:ApplicationTestCases.LoginPageTestcase@91161c7]" name="login" duration-ms="1346" started-at="2021-07-14T17:15:50Z" finished-at="2021-07-14T17:15:52Z">
          <exception class="java.lang.AssertionError">
            <message>
              <![CDATA[expected [My Account] but found [Login]]]>
            </message>
            <full-stacktrace>
              <![CDATA[java.lang.AssertionError: expected [My Account] but found [Login]
	at org.testng.Assert.fail(Assert.java:94)
	at org.testng.Assert.failNotEquals(Assert.java:513)
	at org.testng.Assert.assertEqualsImpl(Assert.java:135)
	at org.testng.Assert.assertEquals(Assert.java:116)
	at org.testng.Assert.assertEquals(Assert.java:190)
	at org.testng.Assert.assertEquals(Assert.java:200)
	at ApplicationTestCases.LoginPageTestcase.login(LoginPageTestcase.java:31)
	at sun.reflect.NativeMethodAccessorImpl.invoke0(Native Method)
	at sun.reflect.NativeMethodAccessorImpl.invoke(NativeMethodAccessorImpl.java:62)
	at sun.reflect.DelegatingMethodAccessorImpl.invoke(DelegatingMethodAccessorImpl.java:43)
	at java.lang.reflect.Method.invoke(Method.java:498)
	at org.testng.internal.MethodInvocationHelper.invokeMethod(MethodInvocationHelper.java:104)
	at org.testng.internal.Invoker.invokeMethod(Invoker.java:645)
	at org.testng.internal.Invoker.invokeTestMethod(Invoker.java:851)
	at org.testng.internal.Invoker.invokeTestMethods(Invoker.java:1177)
	at org.testng.internal.TestMethodWorker.invokeTestMethods(TestMethodWorker.java:129)
	at org.testng.internal.TestMethodWorker.run(TestMethodWorker.java:112)
	at java.util.concurrent.ThreadPoolExecutor.runWorker(ThreadPoolExecutor.java:1142)
	at java.util.concurrent.ThreadPoolExecutor$Worker.run(ThreadPoolExecutor.java:617)
	at java.lang.Thread.run(Thread.java:745)
]]>
            </full-stacktrace>
          </exception> <!-- java.lang.AssertionError -->
          <reporter-output>
            <line>
              <![CDATA[Login failed with Error message: Please enter valid Email ID/Mobile number]]>
            </line>
            <line>
              <![CDATA[screenshot file location and name is C:\Users\sauron\workspace-mars\webDriverTestingMaven\src\test\resources\ScreenShots\2021-7-14 17-15-52.png]]>
            </line>
          </reporter-output>
        </test-method> <!-- login -->
        <test-method status="PASS" signature="searchingText()[pri:2, instance:ApplicationTestCases.LoginPageTestcase@91161c7]" name="searchingText" duration-ms="6514" started-at="2021-07-14T17:15:52Z" finished-at="2021-07-14T17:15:59Z">
          <reporter-output>
            <line>
              <![CDATA[These are the Top20 results based on search text: trimmer]]>
            </line>
            <line>
              <![CDATA[NOVA NHT 1076 Runtime: 30 min Trimmer for Men]]>
            </line>
            <line>
              <![CDATA[NOVA Prime Series NHT 1087 Turbo power Runtime: 120 mi...]]>
            </line>
            <line>
              <![CDATA[Mi XXQ02HM Runtime: 60 min Trimmer for Men]]>
            </line>
            <line>
              <![CDATA[PHILIPS BT1232/15 Runtime: 30 mins Trimmer for Men]]>
            </line>
            <line>
              <![CDATA[NOVA NHT 1073-00 USB Runtime: 60 min Trimmer for Men]]>
            </line>
            <line>
              <![CDATA[Flipkart SmartBuy M4D12B Runtime : 60 min Cordless USB ...]]>
            </line>
            <line>
              <![CDATA[PHILIPS MG3747/15 Runtime: 70 min Trimmer for Men]]>
            </line>
            <line>
              <![CDATA[NOVA NG 1145 Runtime: 60 min Trimmer for Men]]>
            </line>
            <line>
              <![CDATA[Flipkart SmartBuy M4D12Q Runtime : 60 min Cordless USB ...]]>
            </line>
            <line>
              <![CDATA[Syska HT200U Runtime: 40 min Trimmer for Men]]>
            </line>
            <line>
              <![CDATA[VGR V-071 Cordless Professional Hair Clipper Runtime: ...]]>
            </line>
            <line>
              <![CDATA[VGR V-183 Professional Rechargeable Hair Clipper Runti...]]>
            </line>
            <line>
              <![CDATA[PHILIPS BT3101/15 Runtime: 45 min Trimmer for Men]]>
            </line>
            <line>
              <![CDATA[HAVELLS bt5113c Runtime: 120 min Trimmer for Men]]>
            </line>
            <line>
              <![CDATA[NOVA NG 1153 Digital USB Runtime: 160 Mins Trimmer for...]]>
            </line>
            <line>
              <![CDATA[NOVA NHT 1099 Runtime: 90 min Trimmer for Men]]>
            </line>
            <line>
              <![CDATA[NOVA Prime Series NHT 1085 Runtime: 45 min Trimmer for...]]>
            </line>
            <line>
              <![CDATA[Abgrow Hair Beard Moustache Electric Trimmer for Men Ha...]]>
            </line>
            <line>
              <![CDATA[Syska HT900 Runtime: 120 min Trimmer for Men]]>
            </line>
            <line>
              <![CDATA[KUBRA KB-8000 IPX6 Waterproof Cordless Fast Charging Sl...]]>
            </line>
          </reporter-output>
        </test-method> <!-- searchingText -->
        <test-method status="PASS" signature="searchAndOpenItem()[pri:3, instance:ApplicationTestCases.LoginPageTestcase@91161c7]" name="searchAndOpenItem" duration-ms="7032" started-at="2021-07-14T17:15:59Z" finished-at="2021-07-14T17:16:06Z">
          <reporter-output>
            <line>
              <![CDATA[Clicking 6th item to open: Flipkart SmartBuy M4D12B Runtime : 60 min Cordless USB ...]]>
            </line>
          </reporter-output>
        </test-method> <!-- searchAndOpenItem -->
        <test-method status="SKIP" signature="logOut()[pri:4, instance:ApplicationTestCases.LoginPageTestcase@91161c7]" name="logOut" duration-ms="0" started-at="2021-07-14T17:16:06Z" depends-on-methods="ApplicationTestCases.LoginPageTestcase.login" finished-at="2021-07-14T17:16:06Z">
          <exception class="java.lang.Throwable">
            <message>
              <![CDATA[Method LoginPageTestcase.logOut()[pri:4, instance:ApplicationTestCases.LoginPageTestcase@91161c7] depends on not successfully finished methods]]>
            </message>
            <full-stacktrace>
              <![CDATA[java.lang.Throwable: Method LoginPageTestcase.logOut()[pri:4, instance:ApplicationTestCases.LoginPageTestcase@91161c7] depends on not successfully finished methods
	at org.testng.internal.Invoker.invokeTestMethods(Invoker.java:1068)
	at org.testng.internal.TestMethodWorker.invokeTestMethods(TestMethodWorker.java:129)
	at org.testng.internal.TestMethodWorker.run(TestMethodWorker.java:112)
	at java.util.concurrent.ThreadPoolExecutor.runWorker(ThreadPoolExecutor.java:1142)
	at java.util.concurrent.ThreadPoolExecutor$Worker.run(ThreadPoolExecutor.java:617)
	at java.lang.Thread.run(Thread.java:745)
]]>
            </full-stacktrace>
          </exception> <!-- java.lang.Throwable -->
          <reporter-output>
          </reporter-output>
        </test-method> <!-- logOut -->
        <test-method status="PASS" signature="tearDown()[pri:0, instance:ApplicationTestCases.LoginPageTestcase@91161c7]" name="tearDown" is-config="true" duration-ms="4060" started-at="2021-07-14T17:16:06Z" finished-at="2021-07-14T17:16:10Z">
          <reporter-output>
          </reporter-output>
        </test-method> <!-- tearDown -->
      </class> <!-- ApplicationTestCases.LoginPageTestcase -->
    </test> <!-- Test -->
  </suite> <!-- Suite -->
</testng-results>
